# JRE version: OpenJDK Runtime Environment (8.0_152-b01) (build 1.8.0_152-release-915-b01)
# Java VM: OpenJDK 64-Bit Server VM (25.152-b01 mixed mode windows-amd64 compressed oops)
Heap:
 PSYoungGen      total 225280K, used 177383K [0x00000000e0000000, 0x00000000efc80000, 0x0000000100000000)
  eden space 212992K, 83% used [0x00000000e0000000,0x00000000ead39d48,0x00000000ed000000)
  from space 12288K, 0% used [0x00000000edd00000,0x00000000edd00000,0x00000000ee900000)
  to   space 13312K, 0% used [0x00000000ed000000,0x00000000ed000000,0x00000000edd00000)
 ParOldGen       total 46080K, used 15657K [0x00000000a0000000, 0x00000000a2d00000, 0x00000000e0000000)
  object space 46080K, 33% used [0x00000000a0000000,0x00000000a0f4a438,0x00000000a2d00000)
 Metaspace       used 45565K, capacity 46666K, committed 46848K, reserved 1089536K
  class space    used 6159K, capacity 6561K, committed 6656K, reserved 1048576K
GC Heap History (10 events):
Event: 19.600 GC heap before
{Heap before GC invocations=6 (full 1):
 PSYoungGen      total 68096K, used 2528K [0x00000000e0000000, 0x00000000e9200000, 0x0000000100000000)
  eden space 65536K, 0% used [0x00000000e0000000,0x00000000e0000000,0x00000000e4000000)
  from space 2560K, 98% used [0x00000000e4000000,0x00000000e4278010,0x00000000e4280000)
  to   space 9216K, 0% used [0x00000000e8900000,0x00000000e8900000,0x00000000e9200000)
 ParOldGen       total 44032K, used 12755K [0x00000000a0000000, 0x00000000a2b00000, 0x00000000e0000000)
  object space 44032K, 28% used [0x00000000a0000000,0x00000000a0c74f98,0x00000000a2b00000)
 Metaspace       used 20738K, capacity 21112K, committed 21248K, reserved 1067008K
  class space    used 2873K, capacity 3035K, committed 3072K, reserved 1048576K
Event: 19.712 GC heap after
Heap after GC invocations=6 (full 1):
 PSYoungGen      total 68096K, used 0K [0x00000000e0000000, 0x00000000e9200000, 0x0000000100000000)
  eden space 65536K, 0% used [0x00000000e0000000,0x00000000e0000000,0x00000000e4000000)
  from space 2560K, 0% used [0x00000000e4000000,0x00000000e4000000,0x00000000e4280000)
  to   space 9216K, 0% used [0x00000000e8900000,0x00000000e8900000,0x00000000e9200000)
 ParOldGen       total 36864K, used 11122K [0x00000000a0000000, 0x00000000a2400000, 0x00000000e0000000)
  object space 36864K, 30% used [0x00000000a0000000,0x00000000a0adcb70,0x00000000a2400000)
 Metaspace       used 20738K, capacity 21112K, committed 21248K, reserved 1067008K
  class space    used 2873K, capacity 3035K, committed 3072K, reserved 1048576K
}
Event: 26.064 GC heap before
{Heap before GC invocations=7 (full 1):
 PSYoungGen      total 68096K, used 65536K [0x00000000e0000000, 0x00000000e9200000, 0x0000000100000000)
  eden space 65536K, 100% used [0x00000000e0000000,0x00000000e4000000,0x00000000e4000000)
  from space 2560K, 0% used [0x00000000e4000000,0x00000000e4000000,0x00000000e4280000)
  to   space 9216K, 0% used [0x00000000e8900000,0x00000000e8900000,0x00000000e9200000)
 ParOldGen       total 36864K, used 11122K [0x00000000a0000000, 0x00000000a2400000, 0x00000000e0000000)
  object space 36864K, 30% used [0x00000000a0000000,0x00000000a0adcb70,0x00000000a2400000)
 Metaspace       used 26124K, capacity 26586K, committed 26880K, reserved 1073152K
  class space    used 3546K, capacity 3742K, committed 3840K, reserved 1048576K
Event: 26.080 GC heap after
Heap after GC invocations=7 (full 1):
 PSYoungGen      total 126976K, used 6746K [0x00000000e0000000, 0x00000000e9000000, 0x0000000100000000)
  eden space 119808K, 0% used [0x00000000e0000000,0x00000000e0000000,0x00000000e7500000)
  from space 7168K, 94% used [0x00000000e8900000,0x00000000e8f969a0,0x00000000e9000000)
  to   space 9728K, 0% used [0x00000000e7d00000,0x00000000e7d00000,0x00000000e8680000)
 ParOldGen       total 36864K, used 11122K [0x00000000a0000000, 0x00000000a2400000, 0x00000000e0000000)
  object space 36864K, 30% used [0x00000000a0000000,0x00000000a0adcb70,0x00000000a2400000)
 Metaspace       used 26124K, capacity 26586K, committed 26880K, reserved 1073152K
  class space    used 3546K, capacity 3742K, committed 3840K, reserved 1048576K
}
Event: 40.755 GC heap before
{Heap before GC invocations=8 (full 1):
 PSYoungGen      total 126976K, used 126554K [0x00000000e0000000, 0x00000000e9000000, 0x0000000100000000)
  eden space 119808K, 100% used [0x00000000e0000000,0x00000000e7500000,0x00000000e7500000)
  from space 7168K, 94% used [0x00000000e8900000,0x00000000e8f969a0,0x00000000e9000000)
  to   space 9728K, 0% used [0x00000000e7d00000,0x00000000e7d00000,0x00000000e8680000)
 ParOldGen       total 36864K, used 11122K [0x00000000a0000000, 0x00000000a2400000, 0x00000000e0000000)
  object space 36864K, 30% used [0x00000000a0000000,0x00000000a0adcb70,0x00000000a2400000)
 Metaspace       used 32155K, capacity 32862K, committed 32896K, reserved 1077248K
  class space    used 4414K, capacity 4727K, committed 4736K, reserved 1048576K
Event: 40.786 GC heap after
Heap after GC invocations=8 (full 1):
 PSYoungGen      total 137728K, used 9697K [0x00000000e0000000, 0x00000000ee900000, 0x0000000100000000)
  eden space 128000K, 0% used [0x00000000e0000000,0x00000000e0000000,0x00000000e7d00000)
  from space 9728K, 99% used [0x00000000e7d00000,0x00000000e86784b0,0x00000000e8680000)
  to   space 12288K, 0% used [0x00000000edd00000,0x00000000edd00000,0x00000000ee900000)
 ParOldGen       total 36864K, used 13209K [0x00000000a0000000, 0x00000000a2400000, 0x00000000e0000000)
  object space 36864K, 35% used [0x00000000a0000000,0x00000000a0ce6408,0x00000000a2400000)
 Metaspace       used 32155K, capacity 32862K, committed 32896K, reserved 1077248K
  class space    used 4414K, capacity 4727K, committed 4736K, reserved 1048576K
}
Event: 41.858 GC heap before
{Heap before GC invocations=9 (full 1):
 PSYoungGen      total 137728K, used 23883K [0x00000000e0000000, 0x00000000ee900000, 0x0000000100000000)
  eden space 128000K, 11% used [0x00000000e0000000,0x00000000e0ddaa60,0x00000000e7d00000)
  from space 9728K, 99% used [0x00000000e7d00000,0x00000000e86784b0,0x00000000e8680000)
  to   space 12288K, 0% used [0x00000000edd00000,0x00000000edd00000,0x00000000ee900000)
 ParOldGen       total 36864K, used 13209K [0x00000000a0000000, 0x00000000a2400000, 0x00000000e0000000)
  object space 36864K, 35% used [0x00000000a0000000,0x00000000a0ce6408,0x00000000a2400000)
 Metaspace       used 34635K, capacity 35304K, committed 35416K, reserved 1079296K
  class space    used 4730K, capacity 5034K, committed 5120K, reserved 1048576K
Event: 41.896 GC heap after
Heap after GC invocations=9 (full 1):
 PSYoungGen      total 225280K, used 9664K [0x00000000e0000000, 0x00000000efc80000, 0x0000000100000000)
  eden space 212992K, 0% used [0x00000000e0000000,0x00000000e0000000,0x00000000ed000000)
  from space 12288K, 78% used [0x00000000edd00000,0x00000000ee6700a0,0x00000000ee900000)
  to   space 13312K, 0% used [0x00000000ed000000,0x00000000ed000000,0x00000000edd00000)
 ParOldGen       total 36864K, used 13217K [0x00000000a0000000, 0x00000000a2400000, 0x00000000e0000000)
  object space 36864K, 35% used [0x00000000a0000000,0x00000000a0ce8408,0x00000000a2400000)
 Metaspace       used 34635K, capacity 35304K, committed 35416K, reserved 1079296K
  class space    used 4730K, capacity 5034K, committed 5120K, reserved 1048576K
}
Event: 41.897 GC heap before
{Heap before GC invocations=10 (full 2):
 PSYoungGen      total 225280K, used 9664K [0x00000000e0000000, 0x00000000efc80000, 0x0000000100000000)
  eden space 212992K, 0% used [0x00000000e0000000,0x00000000e0000000,0x00000000ed000000)
  from space 12288K, 78% used [0x00000000edd00000,0x00000000ee6700a0,0x00000000ee900000)
  to   space 13312K, 0% used [0x00000000ed000000,0x00000000ed000000,0x00000000edd00000)
 ParOldGen       total 36864K, used 13217K [0x00000000a0000000, 0x00000000a2400000, 0x00000000e0000000)
  object space 36864K, 35% used [0x00000000a0000000,0x00000000a0ce8408,0x00000000a2400000)
 Metaspace       used 34635K, capacity 35304K, committed 35416K, reserved 1079296K
  class space    used 4730K, capacity 5034K, committed 5120K, reserved 1048576K
Event: 42.181 GC heap after
Heap after GC invocations=10 (full 2):
 PSYoungGen      total 225280K, used 0K [0x00000000e0000000, 0x00000000efc80000, 0x0000000100000000)
  eden space 212992K, 0% used [0x00000000e0000000,0x00000000e0000000,0x00000000ed000000)
  from space 12288K, 0% used [0x00000000edd00000,0x00000000edd00000,0x00000000ee900000)
  to   space 13312K, 0% used [0x00000000ed000000,0x00000000ed000000,0x00000000edd00000)
 ParOldGen       total 46080K, used 15657K [0x00000000a0000000, 0x00000000a2d00000, 0x00000000e0000000)
  object space 46080K, 33% used [0x00000000a0000000,0x00000000a0f4a438,0x00000000a2d00000)
 Metaspace       used 34635K, capacity 35304K, committed 35416K, reserved 1079296K
  class space    used 4730K, capacity 5034K, committed 5120K, reserved 1048576K
}

